  Source.cpp
D:\SFML\Pendulum1\Pendulum1\Source.cpp(57,88): warning C4244: 'argument': conversion from 'const T' to 'T', possible loss of data
          with
          [
              T=float
          ]
          and
          [
              T=int
          ]
D:\SFML\Pendulum1\Pendulum1\Source.cpp(57,63): warning C4244: 'argument': conversion from 'const T' to 'T', possible loss of data
          with
          [
              T=float
          ]
          and
          [
              T=int
          ]
D:\SFML\Pendulum1\Pendulum1\Source.cpp(60,27): warning C4244: '=': conversion from 'double' to 'int', possible loss of data
D:\SFML\Pendulum1\Pendulum1\Source.cpp(61,27): warning C4244: '=': conversion from 'double' to 'int', possible loss of data
  Pendulum1.vcxproj -> D:\SFML\Pendulum1\x64\Debug\Pendulum1.exe
